0 info it worked if it ends with ok
1 verbose cli [ '/usr/bin/node', '/usr/local/bin/npm', 'run', 'compile' ]
2 info using npm@3.10.10
3 info using node@v12.18.2
4 verbose run-script [ 'precompile', 'compile', 'postcompile' ]
5 info lifecycle vscode-kubernetes-tools@1.2.3~precompile: vscode-kubernetes-tools@1.2.3
6 silly lifecycle vscode-kubernetes-tools@1.2.3~precompile: no script for precompile, continuing
7 info lifecycle vscode-kubernetes-tools@1.2.3~compile: vscode-kubernetes-tools@1.2.3
8 verbose lifecycle vscode-kubernetes-tools@1.2.3~compile: unsafe-perm in lifecycle true
9 verbose lifecycle vscode-kubernetes-tools@1.2.3~compile: PATH: /usr/local/lib/node_modules/npm/bin/node-gyp-bin:/home/luca/Public/github.com/redhat-developer/vscode-kubernetes-tools/node_modules/.bin:/home/luca/anaconda3/bin:/home/luca/anaconda3/condabin:/home/luca/.local/bin:/home/luca/bin:/usr/share/Modules/bin:/usr/local/bin:/usr/local/sbin:/usr/bin:/usr/sbin:/home/luca/Documents/oc:/home/luca/.dotnet/tools:/var/lib/snapd/snap/bin:/home/luca/bin:/usr/lib/jvm/java-11-openjdk-11.0.9.11-2.portable.jdk.el.x86_64/bin:/home/luca/.tekton/cache/0.11.0old:/home/luca/Documents:/home/luca/dotnet:/home/luca/.cargo/bin:/home/luca/.dotnet/tools:/home/luca/bin:/usr/lib/jvm/java-11-openjdk-11.0.9.11-2.portable.jdk.el.x86_64/bin:/home/luca/.tekton/cache/0.11.0old:/home/luca/dotnet:/home/luca/.dotnet/tools:/home/luca/bin:/usr/lib/jvm/java-11-openjdk-11.0.9.11-2.portable.jdk.el.x86_64/bin:/home/luca/.tekton/cache/0.11.0old:/home/luca/Documents:/home/luca/dotnet:/home/luca/.cargo/bin:/home/luca/.dotnet/tools:/home/luca/bin:/usr/lib/jvm/java-11-openjdk-11.0.9.11-2.portable.jdk.el.x86_64/bin:/home/luca/.tekton/cache/0.11.0old:/home/luca/dotnet:/home/luca/.dotnet/tools:/home/luca/Documents:/home/luca/dotnet:/home/luca/.cargo/bin:/home/luca/.dotnet/tools:/home/luca/bin:/usr/lib/jvm/java-11-openjdk-11.0.9.11-2.portable.jdk.el.x86_64/bin:/home/luca/.tekton/cache/0.11.0old
10 verbose lifecycle vscode-kubernetes-tools@1.2.3~compile: CWD: /home/luca/Public/github.com/redhat-developer/vscode-kubernetes-tools
11 silly lifecycle vscode-kubernetes-tools@1.2.3~compile: Args: [ '-c', 'webpack --mode none' ]
12 silly lifecycle vscode-kubernetes-tools@1.2.3~compile: Returned: code: 2  signal: null
13 info lifecycle vscode-kubernetes-tools@1.2.3~compile: Failed to exec compile script
14 verbose stack Error: vscode-kubernetes-tools@1.2.3 compile: `webpack --mode none`
14 verbose stack Exit status 2
14 verbose stack     at EventEmitter.<anonymous> (/usr/local/lib/node_modules/npm/lib/utils/lifecycle.js:255:16)
14 verbose stack     at EventEmitter.emit (events.js:315:20)
14 verbose stack     at ChildProcess.<anonymous> (/usr/local/lib/node_modules/npm/lib/utils/spawn.js:40:14)
14 verbose stack     at ChildProcess.emit (events.js:315:20)
14 verbose stack     at maybeClose (internal/child_process.js:1021:16)
14 verbose stack     at Process.ChildProcess._handle.onexit (internal/child_process.js:286:5)
15 verbose pkgid vscode-kubernetes-tools@1.2.3
16 verbose cwd /home/luca/Public/github.com/redhat-developer/vscode-kubernetes-tools
17 error Linux 5.6.13-100.fc30.x86_64
18 error argv "/usr/bin/node" "/usr/local/bin/npm" "run" "compile"
19 error node v12.18.2
20 error npm  v3.10.10
21 error code ELIFECYCLE
22 error vscode-kubernetes-tools@1.2.3 compile: `webpack --mode none`
22 error Exit status 2
23 error Failed at the vscode-kubernetes-tools@1.2.3 compile script 'webpack --mode none'.
23 error Make sure you have the latest version of node.js and npm installed.
23 error If you do, this is most likely a problem with the vscode-kubernetes-tools package,
23 error not with npm itself.
23 error Tell the author that this fails on your system:
23 error     webpack --mode none
23 error You can get information on how to open an issue for this project with:
23 error     npm bugs vscode-kubernetes-tools
23 error Or if that isn't available, you can get their info via:
23 error     npm owner ls vscode-kubernetes-tools
23 error There is likely additional logging output above.
24 verbose exit [ 1, true ]
